<?xml version="1.0" encoding="UTF-8"?>
<testng-results skipped="0" failed="0" total="1" passed="1">
  <reporter-output>
  </reporter-output>
  <suite name="Default suite" duration-ms="21821" started-at="2020-07-23T10:55:02Z" finished-at="2020-07-23T10:55:24Z">
    <groups>
    </groups>
    <test name="Default test" duration-ms="21821" started-at="2020-07-23T10:55:02Z" finished-at="2020-07-23T10:55:24Z">
      <class name="testCases.TestClass">
        <test-method status="PASS" signature="setup()[pri:0, instance:testCases.TestClass@4678c730]" name="setup" is-config="true" duration-ms="21778" started-at="2020-07-23T16:25:02Z" finished-at="2020-07-23T16:25:24Z">
          <reporter-output>
          </reporter-output>
        </test-method> <!-- setup -->
        <test-method status="PASS" signature="m1()[pri:0, instance:testCases.TestClass@4678c730]" name="m1" duration-ms="19" started-at="2020-07-23T16:25:24Z" finished-at="2020-07-23T16:25:24Z">
          <reporter-output>
          </reporter-output>
        </test-method> <!-- m1 -->
      </class> <!-- testCases.TestClass -->
    </test> <!-- Default test -->
  </suite> <!-- Default suite -->
</testng-results>
